hapi_server@1.0.0 C:\develop\hapi_server
+-- eslint@4.9.0
| +-- ajv@5.3.0
| | +-- co@4.6.0
| | +-- fast-deep-equal@1.0.0
| | +-- fast-json-stable-stringify@2.0.0
| | `-- json-schema-traverse@0.3.1
| +-- babel-code-frame@6.26.0
| | +-- chalk@1.1.3
| | | +-- ansi-styles@2.2.1
| | | +-- escape-string-regexp@1.0.5 deduped
| | | +-- has-ansi@2.0.0
| | | | `-- ansi-regex@2.1.1 deduped
| | | +-- strip-ansi@3.0.1
| | | | `-- ansi-regex@2.1.1
| | | `-- supports-color@2.0.0
| | +-- esutils@2.0.2 deduped
| | `-- js-tokens@3.0.2
| +-- chalk@2.3.0
| | +-- ansi-styles@3.2.0
| | | `-- color-convert@1.9.1
| | |   `-- color-name@1.1.3
| | +-- escape-string-regexp@1.0.5
| | `-- supports-color@4.5.0
| |   `-- has-flag@2.0.0
| +-- concat-stream@1.6.0
| | +-- inherits@2.0.3
| | +-- readable-stream@2.3.3
| | | +-- core-util-is@1.0.2
| | | +-- inherits@2.0.3 deduped
| | | +-- isarray@1.0.0 deduped
| | | +-- process-nextick-args@1.0.7
| | | +-- safe-buffer@5.1.1
| | | +-- string_decoder@1.0.3
| | | | `-- safe-buffer@5.1.1 deduped
| | | `-- util-deprecate@1.0.2
| | `-- typedarray@0.0.6
| +-- cross-spawn@5.1.0
| | +-- lru-cache@4.1.1 deduped
| | +-- shebang-command@1.2.0
| | | `-- shebang-regex@1.0.0
| | `-- which@1.3.0
| |   `-- isexe@2.0.0
| +-- debug@3.1.0
| | `-- ms@2.0.0
| +-- doctrine@2.0.0
| | +-- esutils@2.0.2 deduped
| | `-- isarray@1.0.0
| +-- eslint-scope@3.7.1
| | +-- esrecurse@4.2.0
| | | +-- estraverse@4.2.0 deduped
| | | `-- object-assign@4.1.1 deduped
| | `-- estraverse@4.2.0 deduped
| +-- espree@3.5.2
| | +-- acorn@5.2.1
| | `-- acorn-jsx@3.0.1
| |   `-- acorn@3.3.0
| +-- esquery@1.0.0
| | `-- estraverse@4.2.0 deduped
| +-- estraverse@4.2.0
| +-- esutils@2.0.2
| +-- file-entry-cache@2.0.0
| | +-- flat-cache@1.3.0
| | | +-- circular-json@0.3.3
| | | +-- del@2.2.2
| | | | +-- globby@5.0.0
| | | | | +-- array-union@1.0.2
| | | | | | `-- array-uniq@1.0.3
| | | | | +-- arrify@1.0.1
| | | | | +-- glob@7.1.2 deduped
| | | | | +-- object-assign@4.1.1 deduped
| | | | | +-- pify@2.3.0 deduped
| | | | | `-- pinkie-promise@2.0.1 deduped
| | | | +-- is-path-cwd@1.0.0
| | | | +-- is-path-in-cwd@1.0.0
| | | | | `-- is-path-inside@1.0.0
| | | | |   `-- path-is-inside@1.0.2 deduped
| | | | +-- object-assign@4.1.1 deduped
| | | | +-- pify@2.3.0
| | | | +-- pinkie-promise@2.0.1
| | | | | `-- pinkie@2.0.4
| | | | `-- rimraf@2.6.2
| | | |   `-- glob@7.1.2 deduped
| | | +-- graceful-fs@4.1.11
| | | `-- write@0.2.1
| | |   `-- mkdirp@0.5.1 deduped
| | `-- object-assign@4.1.1
| +-- functional-red-black-tree@1.0.1
| +-- glob@7.1.2
| | +-- fs.realpath@1.0.0
| | +-- inflight@1.0.6
| | | +-- once@1.4.0 deduped
| | | `-- wrappy@1.0.2
| | +-- inherits@2.0.3 deduped
| | +-- minimatch@3.0.4 deduped
| | +-- once@1.4.0
| | | `-- wrappy@1.0.2 deduped
| | `-- path-is-absolute@1.0.1
| +-- globals@9.18.0
| +-- ignore@3.3.7
| +-- imurmurhash@0.1.4
| +-- inquirer@3.3.0
| | +-- ansi-escapes@3.0.0
| | +-- chalk@2.3.0 deduped
| | +-- cli-cursor@2.1.0
| | | `-- restore-cursor@2.0.0
| | |   +-- onetime@2.0.1
| | |   | `-- mimic-fn@1.1.0
| | |   `-- signal-exit@3.0.2
| | +-- cli-width@2.2.0
| | +-- external-editor@2.0.5
| | | +-- iconv-lite@0.4.19
| | | +-- jschardet@1.6.0
| | | `-- tmp@0.0.33
| | |   `-- os-tmpdir@1.0.2
| | +-- figures@2.0.0
| | | `-- escape-string-regexp@1.0.5 deduped
| | +-- lodash@4.17.4 deduped
| | +-- mute-stream@0.0.7
| | +-- run-async@2.3.0
| | | `-- is-promise@2.1.0
| | +-- rx-lite@4.0.8
| | +-- rx-lite-aggregates@4.0.8
| | | `-- rx-lite@4.0.8 deduped
| | +-- string-width@2.1.1
| | | +-- is-fullwidth-code-point@2.0.0
| | | `-- strip-ansi@4.0.0 deduped
| | +-- strip-ansi@4.0.0 deduped
| | `-- through@2.3.8
| +-- is-resolvable@1.0.0
| | `-- tryit@1.0.3
| +-- js-yaml@3.10.0
| | +-- argparse@1.0.9
| | | `-- sprintf-js@1.0.3
| | `-- esprima@4.0.0
| +-- json-stable-stringify@1.0.1
| | `-- jsonify@0.0.0
| +-- levn@0.3.0
| | +-- prelude-ls@1.1.2
| | `-- type-check@0.3.2
| |   `-- prelude-ls@1.1.2 deduped
| +-- lodash@4.17.4
| +-- minimatch@3.0.4
| | `-- brace-expansion@1.1.8
| |   +-- balanced-match@1.0.0
| |   `-- concat-map@0.0.1
| +-- mkdirp@0.5.1
| | `-- minimist@0.0.8
| +-- natural-compare@1.4.0
| +-- optionator@0.8.2
| | +-- deep-is@0.1.3
| | +-- fast-levenshtein@2.0.6
| | +-- levn@0.3.0 deduped
| | +-- prelude-ls@1.1.2 deduped
| | +-- type-check@0.3.2 deduped
| | `-- wordwrap@1.0.0
| +-- path-is-inside@1.0.2
| +-- pluralize@7.0.0
| +-- progress@2.0.0
| +-- require-uncached@1.0.3
| | +-- caller-path@0.1.0
| | | `-- callsites@0.2.0
| | `-- resolve-from@1.0.1
| +-- semver@5.4.1
| +-- strip-ansi@4.0.0
| | `-- ansi-regex@3.0.0
| +-- strip-json-comments@2.0.1
| +-- table@4.0.2
| | +-- ajv@5.3.0 deduped
| | +-- ajv-keywords@2.1.1
| | +-- chalk@2.3.0 deduped
| | +-- lodash@4.17.4 deduped
| | +-- slice-ansi@1.0.0
| | | `-- is-fullwidth-code-point@2.0.0 deduped
| | `-- string-width@2.1.1 deduped
| `-- text-table@0.2.0
+-- eslint-config-airbnb-base@12.1.0
| `-- eslint-restricted-globals@0.1.1
+-- eslint-config-google@0.9.1
+-- eslint-config-standard@10.2.1
+-- eslint-plugin-import@2.8.0
| +-- builtin-modules@1.1.1
| +-- contains-path@0.1.0
| +-- debug@2.6.9
| | `-- ms@2.0.0 deduped
| +-- doctrine@1.5.0
| | +-- esutils@2.0.2 deduped
| | `-- isarray@1.0.0 deduped
| +-- eslint-import-resolver-node@0.3.1
| | +-- debug@2.6.9 deduped
| | `-- resolve@1.5.0 deduped
| +-- eslint-module-utils@2.1.1
| | +-- debug@2.6.9 deduped
| | `-- pkg-dir@1.0.0
| |   `-- find-up@1.1.2
| |     +-- path-exists@2.1.0
| |     | `-- pinkie-promise@2.0.1 deduped
| |     `-- pinkie-promise@2.0.1 deduped
| +-- has@1.0.1
| | `-- function-bind@1.1.1
| +-- lodash.cond@4.5.2
| +-- minimatch@3.0.4 deduped
| `-- read-pkg-up@2.0.0
|   +-- find-up@2.1.0
|   | `-- locate-path@2.0.0
|   |   +-- p-locate@2.0.0
|   |   | `-- p-limit@1.1.0
|   |   `-- path-exists@3.0.0
|   `-- read-pkg@2.0.0
|     +-- load-json-file@2.0.0
|     | +-- graceful-fs@4.1.11 deduped
|     | +-- parse-json@2.2.0
|     | | `-- error-ex@1.3.1
|     | |   `-- is-arrayish@0.2.1
|     | +-- pify@2.3.0 deduped
|     | `-- strip-bom@3.0.0
|     +-- normalize-package-data@2.4.0
|     | +-- hosted-git-info@2.5.0
|     | +-- is-builtin-module@1.0.0
|     | | `-- builtin-modules@1.1.1 deduped
|     | +-- semver@5.4.1 deduped
|     | `-- validate-npm-package-license@3.0.1
|     |   +-- spdx-correct@1.0.2
|     |   | `-- spdx-license-ids@1.2.2
|     |   `-- spdx-expression-parse@1.0.4
|     `-- path-type@2.0.0
|       `-- pify@2.3.0 deduped
+-- eslint-plugin-node@5.2.1
| +-- ignore@3.3.7 deduped
| +-- minimatch@3.0.4 deduped
| +-- resolve@1.5.0
| | `-- path-parse@1.0.5
| `-- semver@5.3.0
+-- eslint-plugin-promise@3.6.0
+-- eslint-plugin-standard@3.0.1
+-- hapi@16.6.2
| +-- accept@2.1.4
| | +-- boom@5.2.0 deduped
| | `-- hoek@4.2.0 deduped
| +-- ammo@2.0.4
| | +-- boom@5.2.0 deduped
| | `-- hoek@4.2.0 deduped
| +-- boom@5.2.0
| | `-- hoek@4.2.0 deduped
| +-- call@4.0.2
| | +-- boom@5.2.0 deduped
| | `-- hoek@4.2.0 deduped
| +-- catbox@7.1.5
| | +-- boom@5.2.0 deduped
| | +-- hoek@4.2.0 deduped
| | `-- joi@10.6.0
| |   +-- hoek@4.2.0 deduped
| |   +-- isemail@2.2.1 deduped
| |   +-- items@2.1.1 deduped
| |   `-- topo@2.0.2 deduped
| +-- catbox-memory@2.0.4
| | `-- hoek@4.2.0 deduped
| +-- cryptiles@3.1.2
| | `-- boom@5.2.0 deduped
| +-- heavy@4.0.4
| | +-- boom@5.2.0 deduped
| | +-- hoek@4.2.0 deduped
| | `-- joi@10.6.0
| |   +-- hoek@4.2.0 deduped
| |   +-- isemail@2.2.1 deduped
| |   +-- items@2.1.1 deduped
| |   `-- topo@2.0.2 deduped
| +-- hoek@4.2.0
| +-- iron@4.0.5
| | +-- boom@5.2.0 deduped
| | +-- cryptiles@3.1.2 deduped
| | `-- hoek@4.2.0 deduped
| +-- items@2.1.1
| +-- joi@11.4.0
| | +-- hoek@4.2.0 deduped
| | +-- isemail@3.0.0
| | | `-- punycode@2.1.0
| | `-- topo@2.0.2 deduped
| +-- mimos@3.0.3
| | +-- hoek@4.2.0 deduped
| | `-- mime-db@1.31.0
| +-- podium@1.3.0
| | +-- hoek@4.2.0 deduped
| | +-- items@2.1.1 deduped
| | `-- joi@10.6.0
| |   +-- hoek@4.2.0 deduped
| |   +-- isemail@2.2.1 deduped
| |   +-- items@2.1.1 deduped
| |   `-- topo@2.0.2 deduped
| +-- shot@3.4.2
| | +-- hoek@4.2.0 deduped
| | `-- joi@10.6.0
| |   +-- hoek@4.2.0 deduped
| |   +-- isemail@2.2.1 deduped
| |   +-- items@2.1.1 deduped
| |   `-- topo@2.0.2 deduped
| +-- statehood@5.0.3
| | +-- boom@5.2.0 deduped
| | +-- cryptiles@3.1.2 deduped
| | +-- hoek@4.2.0 deduped
| | +-- iron@4.0.5 deduped
| | +-- items@2.1.1 deduped
| | `-- joi@10.6.0
| |   +-- hoek@4.2.0 deduped
| |   +-- isemail@2.2.1 deduped
| |   +-- items@2.1.1 deduped
| |   `-- topo@2.0.2 deduped
| +-- subtext@5.0.0
| | +-- boom@5.2.0 deduped
| | +-- content@3.0.6
| | | `-- boom@5.2.0 deduped
| | +-- hoek@4.2.0 deduped
| | +-- pez@2.1.5
| | | +-- b64@3.0.3
| | | +-- boom@5.2.0 deduped
| | | +-- content@3.0.6 deduped
| | | +-- hoek@4.2.0 deduped
| | | `-- nigel@2.0.2
| | |   +-- hoek@4.2.0 deduped
| | |   `-- vise@2.0.2
| | |     `-- hoek@4.2.0 deduped
| | `-- wreck@12.5.1
| |   +-- boom@5.2.0 deduped
| |   `-- hoek@4.2.0 deduped
| `-- topo@2.0.2
|   `-- hoek@4.2.0 deduped
+-- inert@4.2.1
| +-- ammo@2.0.4 deduped
| +-- boom@5.2.0 deduped
| +-- hoek@4.2.0 deduped
| +-- items@2.1.1 deduped
| +-- joi@10.6.0
| | +-- hoek@4.2.0 deduped
| | +-- isemail@2.2.1
| | +-- items@2.1.1 deduped
| | `-- topo@2.0.2 deduped
| `-- lru-cache@4.1.1
|   +-- pseudomap@1.0.2
|   `-- yallist@2.1.2
`-- vision@4.1.1
  +-- boom@4.3.1
  | `-- hoek@4.2.0 deduped
  +-- hoek@4.2.0 deduped
  +-- items@2.1.1 deduped
  `-- joi@10.6.0
    +-- hoek@4.2.0 deduped
    +-- isemail@2.2.1 deduped
    +-- items@2.1.1 deduped
    `-- topo@2.0.2 deduped

